<?xml version="1.0" encoding="UTF-8"?>
<!-- Generated by org.testng.reporters.JUnitReportReporter -->
<testsuite skipped="0" hostname="CBT-MH-000" name="Automation.php.TestCase3" tests="1" failures="0" timestamp="11 Oct 2019 10:36:28 GMT" time="43.349" errors="0">
  <testcase name="fightSearch" time="43.349" classname="Automation.php.TestCase3"/>
</testsuite> <!-- Automation.php.TestCase3 -->
