<?xml version="1.0" encoding="UTF-8"?>
<!-- Generated by org.testng.reporters.JUnitReportReporter -->
<testsuite hostname="CBT-MH-000" name="Automation.php.LogInTest" tests="1" failures="0" timestamp="12 Oct 2019 09:22:04 GMT" time="19.392" errors="0">
  <testcase name="Login" time="19.392" classname="Automation.php.LogInTest"/>
</testsuite> <!-- Automation.php.LogInTest -->
