<?xml version="1.0" encoding="UTF-8"?>
<!-- Generated by org.testng.reporters.JUnitReportReporter -->
<testsuite skipped="0" hostname="CBT-MH-000" name="Automation.php.TestCase2" tests="1" failures="0" timestamp="4 Oct 2019 09:29:08 GMT" time="30.035" errors="0">
  <testcase name="hotelSearch" time="30.035" classname="Automation.php.TestCase2"/>
</testsuite> <!-- Automation.php.TestCase2 -->
