<?xml version="1.0" encoding="UTF-8"?>
<!-- Generated by org.testng.reporters.JUnitReportReporter -->
<testsuite skipped="0" hostname="CBT-MH-000" name="Automation.php.FlighttestCase" tests="1" failures="0" timestamp="3 Oct 2019 09:09:02 GMT" time="15.582" errors="0">
  <testcase name="flightSearch" time="15.582" classname="Automation.php.FlighttestCase"/>
</testsuite> <!-- Automation.php.FlighttestCase -->
